<?xml version='1.0' encoding='UTF-8'?>
<testsuite hostname="LAPTOP-6FVQMIH4" name="com.example.UserRoutesSpec" tests="3" errors="0" failures="0" skipped="0" time="0.792" timestamp="2021-12-05T13:58:19">
          <properties>
[...]
</properties>
          <testcase classname="com.example.UserRoutesSpec" name="UserRoutes should return no users if no present (GET /users)" time="0.708">
                      
                    </testcase><testcase classname="com.example.UserRoutesSpec" name="UserRoutes should be able to add users (POST /users)" time="0.076">
                      
                    </testcase><testcase classname="com.example.UserRoutesSpec" name="UserRoutes should be able to remove users (DELETE /users)" time="0.008">
                      
                    </testcase>
          <system-out><![CDATA[]]></system-out>
          <system-err><![CDATA[]]></system-err>
        </testsuite>